<?xml version="1.0" encoding="UTF-8"?>
<!-- Generated by org.testng.reporters.JUnitXMLReporter -->
<testsuite hostname="DESKTOP-VHA8JGD" ignored="1" name="Default test" tests="1" failures="0" timestamp="28 Oct 2018 03:30:03 GMT" time="43.204" errors="0">
  <testcase name="validateCreateNewContact" time="7.182" classname="com.crm.qa.testcases.ContactsPageTest"/>
  <testcase name="verifyContactsPageTest" time="0.0" classname="com.crm.qa.testcases.ContactsPageTest">
    <ignored/>
  </testcase> <!-- verifyContactsPageTest -->
</testsuite> <!-- Default test -->
