<?xml version="1.0" encoding="UTF-8"?>
<testng-results skipped="0" failed="0" ignored="1" total="2" passed="1">
  <reporter-output>
  </reporter-output>
  <suite name="Default suite" duration-ms="43204" started-at="2018-10-28T03:29:19Z" finished-at="2018-10-28T03:30:02Z">
    <groups>
    </groups>
    <test name="Default test" duration-ms="43204" started-at="2018-10-28T03:29:19Z" finished-at="2018-10-28T03:30:02Z">
      <class name="com.crm.qa.testcases.ContactsPageTest">
        <test-method status="PASS" signature="setUp()[pri:0, instance:com.crm.qa.testcases.ContactsPageTest@a3ffec]" name="setUp" is-config="true" duration-ms="34297" started-at="2018-10-28T03:29:19Z" finished-at="2018-10-28T03:29:54Z">
          <reporter-output>
          </reporter-output>
        </test-method> <!-- setUp -->
        <test-method status="PASS" signature="validateCreateNewContact()[pri:2, instance:com.crm.qa.testcases.ContactsPageTest@a3ffec]" name="validateCreateNewContact" duration-ms="7182" started-at="2018-10-28T03:29:54Z" finished-at="2018-10-28T03:30:01Z">
          <reporter-output>
          </reporter-output>
        </test-method> <!-- validateCreateNewContact -->
        <test-method status="PASS" signature="closeBrowseer()[pri:0, instance:com.crm.qa.testcases.ContactsPageTest@a3ffec]" name="closeBrowseer" is-config="true" duration-ms="1652" started-at="2018-10-28T03:30:01Z" finished-at="2018-10-28T03:30:02Z">
          <reporter-output>
          </reporter-output>
        </test-method> <!-- closeBrowseer -->
      </class> <!-- com.crm.qa.testcases.ContactsPageTest -->
    </test> <!-- Default test -->
  </suite> <!-- Default suite -->
</testng-results>
